<?xml version='1.0' encoding='UTF-8' standalone='yes' ?>
<testsuites
  name="qualityGateConfigName"
  tests="1"
  failures="0"
  errors="0"
  skipped="0"
  time="1.00000"
  timestamp="2025-04-28T08:00:00Z"
>
  <testsuite name="OpenAPI Specification" time="0">
    <testcase name="Path Coverage" classname="PATH_COVERAGE" time="1.00000" />
  </testsuite>
</testsuites>
